<?xml version="1.0" encoding="UTF-8"?>
<testng-results ignored="0" total="1" passed="1" failed="0" skipped="0">
  <reporter-output>
  </reporter-output>
  <suite started-at="2023-01-20T11:08:43 IST" name="Default suite" finished-at="2023-01-20T11:08:56 IST" duration-ms="12936">
    <groups>
    </groups>
    <test started-at="2023-01-20T11:08:43 IST" name="Default test" finished-at="2023-01-20T11:08:56 IST" duration-ms="12936">
      <class name="testBase.TestBase">
        <test-method signature="setup()[pri:0, instance:testBase.TestBase@192d43ce]" started-at="2023-01-20T11:08:43 IST" name="setup" finished-at="2023-01-20T11:08:56 IST" duration-ms="12889" status="PASS">
          <reporter-output>
          </reporter-output>
        </test-method> <!-- setup -->
      </class> <!-- testBase.TestBase -->
    </test> <!-- Default test -->
  </suite> <!-- Default suite -->
</testng-results>
